<?xml version="1.0" encoding="UTF-8"?>
<!-- Generated by org.testng.reporters.JUnitReportReporter -->
<testsuite hostname="prsivak-7077N94" failures="0" tests="1" name="locators.Locators" time="9.349" errors="0" timestamp="2025-07-25T12:14:15 IST" skipped="0">
  <testcase classname="locators.Locators" name="DemoTestID" time="9.349"/>
</testsuite> <!-- locators.Locators -->
