<?xml version="1.0" encoding="UTF-8"?>
<!-- Generated by org.testng.reporters.JUnitReportReporter -->
<testsuite hostname="prsivak-7077N94" failures="0" tests="1" name="locators.EasyCalc" time="8.148" errors="0" timestamp="2025-07-25T13:06:09 IST" skipped="0">
  <testcase classname="locators.EasyCalc" name="Demo" time="8.148"/>
</testsuite> <!-- locators.EasyCalc -->
