<?xml version="1.0" encoding="UTF-8"?>
<!-- Generated by org.testng.reporters.JUnitReportReporter -->
<testsuite hostname="prsivak-7077N94" failures="0" tests="1" name="locators.LinkText" time="13.673" errors="0" timestamp="2025-07-25T14:59:51 IST" skipped="0">
  <testcase classname="locators.LinkText" name="Test" time="13.673"/>
</testsuite> <!-- locators.LinkText -->
