<?xml version="1.0" encoding="UTF-8"?>
<!-- Generated by org.testng.reporters.JUnitReportReporter -->
<testsuite hostname="prsivak-7077N94" failures="0" tests="1" name="alerts.Alerts" time="31.519" errors="0" timestamp="2025-07-25T16:46:11 IST" skipped="0">
  <testcase classname="alerts.Alerts" name="TestPopups" time="31.519"/>
</testsuite> <!-- alerts.Alerts -->
