<?xml version="1.0" encoding="UTF-8"?>
<!-- Generated by org.testng.reporters.JUnitReportReporter -->
<testsuite hostname="prsivak-7077N94" failures="0" tests="1" name="alerts.TestPopups" time="6.265" errors="0" timestamp="2025-07-25T17:19:58 IST" skipped="0">
  <testcase classname="alerts.TestPopups" name="Popup" time="6.265"/>
</testsuite> <!-- alerts.TestPopups -->
