<?xml version="1.0" encoding="UTF-8"?>
<!-- Generated by org.testng.reporters.JUnitReportReporter -->
<testsuite hostname="prsivak-7077N94" failures="0" tests="1" name="dropdown.DropDown" time="4.191" errors="0" timestamp="2025-07-25T15:43:52 IST" skipped="0">
  <testcase classname="dropdown.DropDown" name="Test" time="4.191"/>
</testsuite> <!-- dropdown.DropDown -->
